<?xml version="1.0" encoding="UTF-8"?>
<!-- Generated by org.testng.reporters.JUnitReportReporter -->
<testsuite skipped="0" hostname="LAPTOP-T7V8GM1E" name="pom.Script1" tests="1" failures="0" timestamp="2024-03-20T10:54:10 IST" time="14.104" errors="0">
  <testcase name="register" time="14.104" classname="pom.Script1"/>
  <system-out/>
</testsuite> <!-- pom.Script1 -->
