<?xml version="1.0" encoding="UTF-8"?>
<!-- Generated by org.testng.reporters.JUnitReportReporter -->
<testsuite skipped="0" hostname="LAPTOP-T7V8GM1E" name="group.Titan1" tests="1" failures="0" timestamp="2023-12-14T12:19:34 IST" time="24.725" errors="0">
  <testcase name="titan1" time="24.725" classname="group.Titan1"/>
  <system-out/>
</testsuite> <!-- group.Titan1 -->
