<?xml version="1.0" encoding="UTF-8"?>
<!-- Generated by org.testng.reporters.JUnitReportReporter -->
<testsuite skipped="0" hostname="LAPTOP-T7V8GM1E" name="batch_execution.Hotstar" tests="1" failures="0" timestamp="2024-03-11T16:32:21 IST" time="7.630" errors="0">
  <testcase name="boat" time="7.630" classname="batch_execution.Hotstar"/>
  <system-out/>
</testsuite> <!-- batch_execution.Hotstar -->
