<?xml version="1.0" encoding="UTF-8"?>
<!-- Generated by org.testng.reporters.JUnitReportReporter -->
<testsuite skipped="0" hostname="LAPTOP-T7V8GM1E" name="batch.JokerAndWitch" tests="1" failures="0" timestamp="2023-12-14T08:56:35 IST" time="42.236" errors="0">
  <testcase name="jokerAndWitch" time="42.236" classname="batch.JokerAndWitch"/>
  <system-out/>
</testsuite> <!-- batch.JokerAndWitch -->
