<?xml version="1.0" encoding="UTF-8"?>
<!-- Generated by org.testng.reporters.JUnitReportReporter -->
<testsuite skipped="0" hostname="LAPTOP-T7V8GM1E" name="batch_execution.Zee5" tests="1" failures="0" timestamp="2024-03-11T16:32:21 IST" time="8.806" errors="0">
  <testcase name="boat" time="8.806" classname="batch_execution.Zee5"/>
  <system-out/>
</testsuite> <!-- batch_execution.Zee5 -->
