<?xml version="1.0" encoding="UTF-8"?>
<!-- Generated by org.testng.reporters.JUnitReportReporter -->
<testsuite skipped="0" hostname="LAPTOP-T7V8GM1E" name="dataprovider.Register" tests="2" failures="0" timestamp="2024-03-13T09:42:08 IST" time="34.048" errors="0">
  <testcase name="toRegister" time="20.500" classname="dataprovider.Register"/>
  <system-out/>
  <testcase name="toRegister" time="13.548" classname="dataprovider.Register"/>
  <system-out/>
</testsuite> <!-- dataprovider.Register -->
