<?xml version="1.0" encoding="UTF-8"?>
<!-- Generated by org.testng.reporters.JUnitReportReporter -->
<testsuite skipped="1" hostname="LAPTOP-T7V8GM1E" name="learning_TestNG.WorkingWithHelperAtributes" tests="2" failures="0" timestamp="2023-12-13T16:52:44 IST" time="0.010" errors="0">
  <testcase name="print" time="0.010" classname="learning_TestNG.WorkingWithHelperAtributes"/>
  <system-out/>
  <testcase name="method1" classname="learning_TestNG.WorkingWithHelperAtributes">
    <skipped/>
  </testcase> <!-- method1 -->
  <system-out/>
</testsuite> <!-- learning_TestNG.WorkingWithHelperAtributes -->
