<?xml version="1.0" encoding="UTF-8"?>
<!-- Generated by org.testng.reporters.JUnitReportReporter -->
<testsuite skipped="0" hostname="LAPTOP-T7V8GM1E" name="pom_scripts.RegisterScript" tests="1" failures="0" timestamp="2024-03-20T18:03:15 IST" time="15.116" errors="0">
  <testcase name="register" time="15.116" classname="pom_scripts.RegisterScript"/>
  <system-out/>
</testsuite> <!-- pom_scripts.RegisterScript -->
