<?xml version="1.0" encoding="UTF-8"?>
<!-- Generated by org.testng.reporters.JUnitReportReporter -->
<testsuite skipped="0" hostname="LAPTOP-T7V8GM1E" name="batch.FireBoltt" tests="1" failures="0" timestamp="2023-12-14T12:07:06 IST" time="11.534" errors="0">
  <testcase name="fireboltt" time="11.534" classname="batch.FireBoltt"/>
  <system-out/>
</testsuite> <!-- batch.FireBoltt -->
