<?xml version="1.0" encoding="UTF-8"?>
<!-- Generated by org.testng.reporters.JUnitReportReporter -->
<testsuite skipped="0" hostname="LAPTOP-T7V8GM1E" name="group.FireBoltt1" tests="1" failures="0" timestamp="2023-12-14T12:19:34 IST" time="9.608" errors="0">
  <testcase name="fireboltt1" time="9.608" classname="group.FireBoltt1"/>
  <system-out/>
</testsuite> <!-- group.FireBoltt1 -->
